2020-05-03 10:59:57,127 INFO @assignment.py: Assignment object initialized!
2020-05-03 10:59:57,307 INFO @algorithms.msa.py: starting msa
2020-05-03 11:00:03,018 INFO @algorithms.msa.py: first aon run
2020-05-03 11:00:03,182 INFO @algorithms.msa.py: current gap is1.6081827523446188
2020-05-03 11:00:03,186 INFO @algorithms.msa.py: current gap is0.24200511465916552
2020-05-03 11:00:03,189 INFO @algorithms.msa.py: current gap is0.28629449354568637
2020-05-03 11:00:03,192 INFO @algorithms.msa.py: current gap is0.0914279325613423
2020-05-03 11:00:03,195 INFO @algorithms.msa.py: current gap is0.08841827728984675
2020-05-03 11:00:03,198 INFO @algorithms.msa.py: current gap is0.034052651621779395
2020-05-03 11:00:03,201 INFO @algorithms.msa.py: current gap is0.026633060776938278
2020-05-03 11:00:03,204 INFO @algorithms.msa.py: current gap is0.028384053348402327
2020-05-03 11:00:03,207 INFO @algorithms.msa.py: current gap is0.018231948290227784
2020-05-03 11:00:03,210 INFO @algorithms.msa.py: current gap is0.010223702279443803
2020-05-03 11:00:03,213 INFO @algorithms.msa.py: current gap is0.01857791726451996
2020-05-03 11:00:03,216 INFO @algorithms.msa.py: current gap is0.011057815491049006
2020-05-03 11:01:38,578 INFO @network_data.py: Starting to load from OSM
2020-05-03 11:01:42,768 INFO @network_data.py: Finished downloading
2020-05-03 11:01:45,709 INFO @assignment.py: Assignment object initialized!
2020-05-03 11:01:45,890 INFO @algorithms.msa.py: starting msa
2020-05-03 11:01:51,514 INFO @algorithms.msa.py: first aon run
2020-05-03 11:01:51,656 INFO @algorithms.msa.py: current gap is1.1758655421750657
2020-05-03 11:01:51,658 INFO @algorithms.msa.py: current gap is0.06751648325015625
2020-05-03 11:01:51,660 INFO @algorithms.msa.py: current gap is0.08495585040097886
2020-05-03 11:01:51,662 INFO @algorithms.msa.py: current gap is0.05179544757399124
2020-05-03 11:01:51,664 INFO @algorithms.msa.py: current gap is0.024356881662993546
2020-05-03 11:01:51,666 INFO @algorithms.msa.py: current gap is0.040429690775398486
2020-05-03 11:01:51,668 INFO @algorithms.msa.py: current gap is0.0227284762871931
2020-05-03 11:01:51,670 INFO @algorithms.msa.py: current gap is0.017283068646249733
2020-05-03 11:01:51,673 INFO @algorithms.msa.py: current gap is0.01276256322130731
2020-05-03 11:01:51,675 INFO @algorithms.msa.py: current gap is0.01654135575127036
2020-05-03 11:01:51,677 INFO @algorithms.msa.py: current gap is0.011099255222434712
2020-05-03 11:01:51,679 INFO @algorithms.msa.py: current gap is0.018597201515189177
2020-05-03 11:03:52,255 INFO @network_data.py: Starting to load from OSM
2020-05-03 11:03:57,881 INFO @network_data.py: Finished downloading
2020-05-03 11:04:03,407 INFO @assignment.py: Assignment object initialized!
2020-05-03 11:04:03,596 INFO @algorithms.msa.py: starting msa
2020-05-03 11:04:09,801 INFO @algorithms.msa.py: first aon run
2020-05-03 11:04:09,972 INFO @algorithms.msa.py: current gap is0.6210973625415477
2020-05-03 11:04:09,977 INFO @algorithms.msa.py: current gap is0.36427414124389523
2020-05-03 11:04:09,981 INFO @algorithms.msa.py: current gap is0.15973539693073247
2020-05-03 11:04:09,986 INFO @algorithms.msa.py: current gap is0.08897651447908572
2020-05-03 11:04:09,990 INFO @algorithms.msa.py: current gap is0.09400397244119052
2020-05-03 11:04:09,995 INFO @algorithms.msa.py: current gap is0.04966654046586383
2020-05-03 11:04:09,999 INFO @algorithms.msa.py: current gap is0.06324101145586125
2020-05-03 11:04:10,003 INFO @algorithms.msa.py: current gap is0.03452616576439649
2020-05-03 11:04:10,008 INFO @algorithms.msa.py: current gap is0.04308649933023845
2020-05-03 11:04:10,015 INFO @algorithms.msa.py: current gap is0.02825776337429531
2020-05-03 11:04:10,021 INFO @algorithms.msa.py: current gap is0.031605550046535535
2020-05-03 11:04:10,027 INFO @algorithms.msa.py: current gap is0.02749749482279773
2020-05-03 11:04:10,032 INFO @algorithms.msa.py: current gap is0.028451959408765992
2020-05-03 11:04:10,037 INFO @algorithms.msa.py: current gap is0.0293916413128692
2020-05-03 11:04:10,042 INFO @algorithms.msa.py: current gap is0.030253891350614737
2020-05-03 11:04:10,047 INFO @algorithms.msa.py: current gap is0.01956983977482074
2020-05-03 11:04:10,053 INFO @algorithms.msa.py: current gap is0.02412225236710519
2020-05-03 11:04:10,059 INFO @algorithms.msa.py: current gap is0.013431980226359164
2020-05-03 11:04:10,067 INFO @algorithms.msa.py: current gap is0.024599667097534805
2020-05-03 11:06:18,047 INFO @network_data.py: Starting to load from OSM
2020-05-03 11:06:22,879 INFO @network_data.py: Finished downloading
2020-05-03 11:06:28,644 INFO @assignment.py: Assignment object initialized!
2020-05-03 11:06:28,843 INFO @algorithms.msa.py: starting msa
2020-05-03 11:06:35,070 INFO @algorithms.msa.py: first aon run
2020-05-03 11:06:35,220 INFO @algorithms.msa.py: current gap is0.6210973625415477
2020-05-03 11:06:35,225 INFO @algorithms.msa.py: current gap is0.36427414124389523
2020-05-03 11:06:35,230 INFO @algorithms.msa.py: current gap is0.15973539693073247
2020-05-03 11:06:35,234 INFO @algorithms.msa.py: current gap is0.08897651447908572
2020-05-03 11:06:35,239 INFO @algorithms.msa.py: current gap is0.09400397244119052
2020-05-03 11:06:35,243 INFO @algorithms.msa.py: current gap is0.04966654046586383
2020-05-03 11:06:35,248 INFO @algorithms.msa.py: current gap is0.06324101145586125
2020-05-03 11:06:35,253 INFO @algorithms.msa.py: current gap is0.03452616576439649
2020-05-03 11:06:35,258 INFO @algorithms.msa.py: current gap is0.04308649933023845
2020-05-03 11:06:35,262 INFO @algorithms.msa.py: current gap is0.02825776337429531
2020-05-03 11:06:35,266 INFO @algorithms.msa.py: current gap is0.031605550046535535
2020-05-03 11:06:35,271 INFO @algorithms.msa.py: current gap is0.02749749482279773
2020-05-03 11:06:35,275 INFO @algorithms.msa.py: current gap is0.028451959408765992
2020-05-03 11:06:35,283 INFO @algorithms.msa.py: current gap is0.0293916413128692
2020-05-03 11:06:35,288 INFO @algorithms.msa.py: current gap is0.030253891350614737
2020-05-03 11:06:35,295 INFO @algorithms.msa.py: current gap is0.01956983977482074
2020-05-03 11:06:35,300 INFO @algorithms.msa.py: current gap is0.02412225236710519
2020-05-03 11:06:35,307 INFO @algorithms.msa.py: current gap is0.013431980226359164
2020-05-03 11:06:35,317 INFO @algorithms.msa.py: current gap is0.024599667097534805
2020-05-03 11:07:43,637 INFO @network_data.py: Starting to load from OSM
2020-05-03 11:07:48,995 INFO @network_data.py: Finished downloading
2020-05-03 11:07:55,121 INFO @assignment.py: Assignment object initialized!
2020-05-03 11:07:55,337 INFO @algorithms.msa.py: starting msa
2020-05-03 11:08:01,367 INFO @algorithms.msa.py: first aon run
2020-05-03 11:08:01,518 INFO @algorithms.msa.py: current gap is0.6210973625415477
2020-05-03 11:08:01,523 INFO @algorithms.msa.py: current gap is0.36427414124389523
2020-05-03 11:08:01,528 INFO @algorithms.msa.py: current gap is0.15973539693073247
2020-05-03 11:08:01,532 INFO @algorithms.msa.py: current gap is0.08897651447908572
2020-05-03 11:08:01,536 INFO @algorithms.msa.py: current gap is0.09400397244119052
2020-05-03 11:08:01,541 INFO @algorithms.msa.py: current gap is0.04966654046586383
2020-05-03 11:08:01,545 INFO @algorithms.msa.py: current gap is0.06324101145586125
2020-05-03 11:08:01,550 INFO @algorithms.msa.py: current gap is0.03452616576439649
2020-05-03 11:08:01,554 INFO @algorithms.msa.py: current gap is0.04308649933023845
2020-05-03 11:08:01,558 INFO @algorithms.msa.py: current gap is0.02825776337429531
2020-05-03 11:08:01,563 INFO @algorithms.msa.py: current gap is0.031605550046535535
2020-05-03 11:08:01,567 INFO @algorithms.msa.py: current gap is0.02749749482279773
2020-05-03 11:08:01,571 INFO @algorithms.msa.py: current gap is0.028451959408765992
2020-05-03 11:08:01,576 INFO @algorithms.msa.py: current gap is0.0293916413128692
2020-05-03 11:08:01,581 INFO @algorithms.msa.py: current gap is0.030253891350614737
2020-05-03 11:08:01,585 INFO @algorithms.msa.py: current gap is0.01956983977482074
2020-05-03 11:08:01,589 INFO @algorithms.msa.py: current gap is0.02412225236710519
2020-05-03 11:08:01,594 INFO @algorithms.msa.py: current gap is0.013431980226359164
2020-05-03 11:08:01,599 INFO @algorithms.msa.py: current gap is0.024599667097534805
2020-05-03 11:09:13,257 INFO @network_data.py: Starting to load from OSM
2020-05-03 11:09:18,366 INFO @network_data.py: Finished downloading
2020-05-03 11:09:23,809 INFO @assignment.py: Assignment object initialized!
2020-05-03 11:09:24,003 INFO @algorithms.msa.py: starting msa
2020-05-03 11:09:29,930 INFO @algorithms.msa.py: first aon run
2020-05-03 11:09:30,084 INFO @algorithms.msa.py: current gap is0.6210973625415477
2020-05-03 11:09:30,089 INFO @algorithms.msa.py: current gap is0.36427414124389523
2020-05-03 11:09:30,094 INFO @algorithms.msa.py: current gap is0.15973539693073247
2020-05-03 11:09:30,098 INFO @algorithms.msa.py: current gap is0.08897651447908572
2020-05-03 11:09:30,102 INFO @algorithms.msa.py: current gap is0.09400397244119052
2020-05-03 11:09:30,107 INFO @algorithms.msa.py: current gap is0.04966654046586383
2020-05-03 11:09:30,111 INFO @algorithms.msa.py: current gap is0.06324101145586125
2020-05-03 11:09:30,115 INFO @algorithms.msa.py: current gap is0.03452616576439649
2020-05-03 11:09:30,119 INFO @algorithms.msa.py: current gap is0.04308649933023845
2020-05-03 11:09:30,124 INFO @algorithms.msa.py: current gap is0.02825776337429531
2020-05-03 11:09:30,129 INFO @algorithms.msa.py: current gap is0.031605550046535535
2020-05-03 11:09:30,133 INFO @algorithms.msa.py: current gap is0.02749749482279773
2020-05-03 11:09:30,138 INFO @algorithms.msa.py: current gap is0.028451959408765992
2020-05-03 11:09:30,143 INFO @algorithms.msa.py: current gap is0.0293916413128692
2020-05-03 11:09:30,147 INFO @algorithms.msa.py: current gap is0.030253891350614737
2020-05-03 11:09:30,153 INFO @algorithms.msa.py: current gap is0.01956983977482074
2020-05-03 11:09:30,158 INFO @algorithms.msa.py: current gap is0.02412225236710519
2020-05-03 11:09:30,163 INFO @algorithms.msa.py: current gap is0.013431980226359164
2020-05-03 11:09:30,167 INFO @algorithms.msa.py: current gap is0.024599667097534805
2020-05-03 11:10:58,298 INFO @network_data.py: Starting to load from OSM
2020-05-03 11:11:04,039 INFO @network_data.py: Finished downloading
2020-05-03 11:11:09,673 INFO @assignment.py: Assignment object initialized!
2020-05-03 11:11:09,858 INFO @algorithms.msa.py: starting msa
2020-05-03 11:11:15,853 INFO @algorithms.msa.py: first aon run
2020-05-03 11:11:16,027 INFO @algorithms.msa.py: current gap is0.6210973625415477
2020-05-03 11:11:16,032 INFO @algorithms.msa.py: current gap is0.36427414124389523
2020-05-03 11:11:16,038 INFO @algorithms.msa.py: current gap is0.15973539693073247
2020-05-03 11:11:16,042 INFO @algorithms.msa.py: current gap is0.08897651447908572
2020-05-03 11:11:16,047 INFO @algorithms.msa.py: current gap is0.09400397244119052
2020-05-03 11:11:16,052 INFO @algorithms.msa.py: current gap is0.04966654046586383
2020-05-03 11:11:16,057 INFO @algorithms.msa.py: current gap is0.06324101145586125
2020-05-03 11:11:16,063 INFO @algorithms.msa.py: current gap is0.03452616576439649
2020-05-03 11:11:16,069 INFO @algorithms.msa.py: current gap is0.04308649933023845
2020-05-03 11:11:16,073 INFO @algorithms.msa.py: current gap is0.02825776337429531
2020-05-03 11:11:16,078 INFO @algorithms.msa.py: current gap is0.031605550046535535
2020-05-03 11:11:16,083 INFO @algorithms.msa.py: current gap is0.02749749482279773
2020-05-03 11:11:16,088 INFO @algorithms.msa.py: current gap is0.028451959408765992
2020-05-03 11:11:16,092 INFO @algorithms.msa.py: current gap is0.0293916413128692
2020-05-03 11:11:16,097 INFO @algorithms.msa.py: current gap is0.030253891350614737
2020-05-03 11:11:16,101 INFO @algorithms.msa.py: current gap is0.01956983977482074
2020-05-03 11:11:16,106 INFO @algorithms.msa.py: current gap is0.02412225236710519
2020-05-03 11:11:16,110 INFO @algorithms.msa.py: current gap is0.013431980226359164
2020-05-03 11:11:16,115 INFO @algorithms.msa.py: current gap is0.024599667097534805
2020-05-03 11:13:42,882 INFO @network_data.py: Starting to load from OSM
2020-05-03 11:13:53,205 INFO @network_data.py: Finished downloading
2020-05-03 11:13:59,558 INFO @assignment.py: Assignment object initialized!
2020-05-03 11:13:59,730 INFO @algorithms.msa.py: starting msa
2020-05-03 11:14:05,398 INFO @algorithms.msa.py: first aon run
2020-05-03 11:14:05,553 INFO @algorithms.msa.py: current gap is0.5188821444734377
2020-05-03 11:14:05,561 INFO @algorithms.msa.py: current gap is0.10386975038796131
2020-05-03 11:14:05,569 INFO @algorithms.msa.py: current gap is0.034149400675385966
2020-05-03 11:14:05,576 INFO @algorithms.msa.py: current gap is0.07498630215040314
2020-05-03 11:14:05,584 INFO @algorithms.msa.py: current gap is0.02143910980998176
2020-05-03 11:14:05,591 INFO @algorithms.msa.py: current gap is0.016016787500401364
2020-05-03 11:14:05,598 INFO @algorithms.msa.py: current gap is0.03572053952757415
2020-05-03 11:14:05,608 INFO @algorithms.msa.py: current gap is0.01787672898296111
2020-05-03 13:05:29,038 INFO @network_data.py: Starting to load from OSM
2020-05-03 13:05:43,631 INFO @network_data.py: Finished downloading
2020-05-03 13:05:46,818 ERROR @visualization.py: could not add iteration widget, missing data in g.Graph[iterations]
2020-05-03 13:06:26,954 INFO @network_data.py: Starting to load from OSM
2020-05-03 13:06:41,821 INFO @assignment.py: Assignment object initialized!
2020-05-03 13:06:42,019 INFO @algorithms.msa.py: starting msa
2020-05-03 13:06:47,744 INFO @algorithms.msa.py: first aon run
2020-05-03 13:06:48,044 INFO @algorithms.msa.py: current gap is0.5188821444734377
2020-05-03 13:06:48,051 INFO @algorithms.msa.py: current gap is0.10386975038796131
2020-05-03 13:06:48,061 INFO @algorithms.msa.py: current gap is0.034149400675385966
2020-05-03 13:06:48,069 INFO @algorithms.msa.py: current gap is0.07498630215040314
2020-05-03 13:06:48,077 INFO @algorithms.msa.py: current gap is0.02143910980998176
2020-05-03 13:06:48,085 INFO @algorithms.msa.py: current gap is0.016016787500401364
2020-05-03 13:06:48,093 INFO @algorithms.msa.py: current gap is0.03572053952757415
2020-05-03 13:06:48,101 INFO @algorithms.msa.py: current gap is0.01787672898296111
2020-05-03 13:32:16,521 INFO @assignment.py: Assignment object initialized!
2020-05-03 13:32:16,849 INFO @algorithms.msa.py: starting msa
2020-05-03 13:32:27,623 INFO @algorithms.msa.py: first aon run
2020-05-03 13:32:28,070 INFO @algorithms.msa.py: current gap is0.5188821444734377
2020-05-03 13:32:28,087 INFO @algorithms.msa.py: current gap is0.10386975038796131
2020-05-03 13:32:28,102 INFO @algorithms.msa.py: current gap is0.034149400675385966
2020-05-03 13:32:28,116 INFO @algorithms.msa.py: current gap is0.07498630215040314
2020-05-03 13:32:28,130 INFO @algorithms.msa.py: current gap is0.02143910980998176
2020-05-03 13:32:28,144 INFO @algorithms.msa.py: current gap is0.016016787500401364
2020-05-03 13:32:28,158 INFO @algorithms.msa.py: current gap is0.03572053952757415
2020-05-03 13:32:28,173 INFO @algorithms.msa.py: current gap is0.01787672898296111
2020-05-03 13:33:00,732 INFO @assignment.py: Assignment object initialized!
2020-05-03 13:33:01,106 INFO @algorithms.msa.py: starting msa
2020-05-03 13:33:11,749 INFO @algorithms.msa.py: first aon run
2020-05-03 13:33:12,211 INFO @algorithms.msa.py: current gap is0.5188821444734377
2020-05-03 13:33:12,230 INFO @algorithms.msa.py: current gap is0.10386975038796131
2020-05-03 13:33:12,257 INFO @algorithms.msa.py: current gap is0.034149400675385966
2020-05-03 13:33:12,279 INFO @algorithms.msa.py: current gap is0.07498630215040314
2020-05-03 13:33:12,298 INFO @algorithms.msa.py: current gap is0.02143910980998176
2020-05-03 13:33:12,318 INFO @algorithms.msa.py: current gap is0.016016787500401364
2020-05-03 13:33:12,337 INFO @algorithms.msa.py: current gap is0.03572053952757415
2020-05-03 13:33:12,356 INFO @algorithms.msa.py: current gap is0.01787672898296111
2020-05-03 13:35:17,778 INFO @assignment.py: Assignment object initialized!
2020-05-03 13:35:18,286 INFO @algorithms.msa.py: starting msa
2020-05-03 13:35:31,974 INFO @algorithms.msa.py: first aon run
2020-05-03 13:35:32,617 INFO @algorithms.msa.py: current gap is0.5188821444734377
2020-05-03 13:35:32,641 INFO @algorithms.msa.py: current gap is0.10386975038796131
2020-05-03 13:35:32,663 INFO @algorithms.msa.py: current gap is0.034149400675385966
2020-05-03 13:35:32,686 INFO @algorithms.msa.py: current gap is0.07498630215040314
2020-05-03 13:35:32,710 INFO @algorithms.msa.py: current gap is0.02143910980998176
2020-05-03 13:35:32,733 INFO @algorithms.msa.py: current gap is0.016016787500401364
2020-05-03 13:35:32,757 INFO @algorithms.msa.py: current gap is0.03572053952757415
2020-05-03 13:35:32,781 INFO @algorithms.msa.py: current gap is0.01787672898296111
2020-05-03 13:37:41,825 INFO @assignment.py: Assignment object initialized!
2020-05-03 13:37:42,222 INFO @algorithms.msa.py: starting msa
2020-05-03 13:37:52,765 INFO @algorithms.msa.py: first aon run
2020-05-03 13:37:53,265 INFO @algorithms.msa.py: current gap is0.5188821444734377
2020-05-03 13:37:53,279 INFO @algorithms.msa.py: current gap is0.10386975038796131
2020-05-03 13:37:53,296 INFO @algorithms.msa.py: current gap is0.034149400675385966
2020-05-03 13:37:53,310 INFO @algorithms.msa.py: current gap is0.07498630215040314
2020-05-03 13:37:53,326 INFO @algorithms.msa.py: current gap is0.02143910980998176
2020-05-03 13:37:53,340 INFO @algorithms.msa.py: current gap is0.016016787500401364
2020-05-03 13:37:53,356 INFO @algorithms.msa.py: current gap is0.03572053952757415
2020-05-03 13:37:53,371 INFO @algorithms.msa.py: current gap is0.01787672898296111
2020-05-03 13:38:49,708 INFO @assignment.py: Assignment object initialized!
2020-05-03 13:38:50,088 INFO @algorithms.msa.py: starting msa
2020-05-03 13:39:00,420 INFO @algorithms.msa.py: first aon run
2020-05-03 13:39:00,933 INFO @algorithms.msa.py: current gap is0.5188821444734377
2020-05-03 13:39:00,955 INFO @algorithms.msa.py: current gap is0.10386975038796131
2020-05-03 13:39:00,974 INFO @algorithms.msa.py: current gap is0.034149400675385966
2020-05-03 13:39:01,003 INFO @algorithms.msa.py: current gap is0.07498630215040314
2020-05-03 13:39:01,032 INFO @algorithms.msa.py: current gap is0.02143910980998176
2020-05-03 13:39:01,053 INFO @algorithms.msa.py: current gap is0.016016787500401364
2020-05-03 13:39:01,073 INFO @algorithms.msa.py: current gap is0.03572053952757415
2020-05-03 13:39:01,093 INFO @algorithms.msa.py: current gap is0.01787672898296111
