2020-04-29 10:20:09,606 INFO @assignment.py: Assignment object initialized!
2020-04-29 10:20:09,819 INFO @algorithms.msa.py: starting msa
2020-04-29 10:23:12,818 INFO @algorithms.msa.py: first aon run
2020-04-29 10:26:38,165 INFO @algorithms.msa.py: current gap is1189.925956049232
2020-04-29 10:29:37,034 INFO @algorithms.msa.py: current gap is6408601.852044335
2020-04-29 10:34:05,933 INFO @assignment.py: Assignment object initialized!
2020-04-29 10:34:06,177 INFO @algorithms.msa.py: starting msa
2020-04-29 10:34:11,858 INFO @algorithms.msa.py: first aon run
2020-04-29 10:34:12,088 INFO @algorithms.msa.py: current gap is18.345881339825826
2020-04-29 10:34:12,135 INFO @algorithms.msa.py: current gap is83.5167393586915
2020-04-29 10:34:12,176 INFO @algorithms.msa.py: current gap is24.333216346346966
2020-04-29 10:34:12,218 INFO @algorithms.msa.py: current gap is5.397812937966741
2020-04-29 10:34:12,259 INFO @algorithms.msa.py: current gap is2.7051232481557004
2020-04-29 10:34:12,301 INFO @algorithms.msa.py: current gap is0.9041479509942136
2020-04-29 10:34:12,349 INFO @algorithms.msa.py: current gap is0.7277502417831401
2020-04-29 10:34:12,390 INFO @algorithms.msa.py: current gap is0.3944197367872937
2020-04-29 10:34:12,430 INFO @algorithms.msa.py: current gap is0.32325864302784746
2020-04-29 10:34:12,471 INFO @algorithms.msa.py: current gap is0.19099792837013152
2020-04-29 10:34:12,519 INFO @algorithms.msa.py: current gap is0.2073245547100424
2020-04-29 10:34:12,577 INFO @algorithms.msa.py: current gap is0.16666761075199021
2020-04-29 10:34:12,629 INFO @algorithms.msa.py: current gap is0.1662234633841304
2020-04-29 10:34:12,669 INFO @algorithms.msa.py: current gap is0.1548775426540241
2020-04-29 10:34:12,708 INFO @algorithms.msa.py: current gap is0.131813130564582
2020-04-29 10:34:12,761 INFO @algorithms.msa.py: current gap is0.10654275795598211
2020-04-29 10:34:12,814 INFO @algorithms.msa.py: current gap is0.09813226386831819
2020-04-29 10:34:12,860 INFO @algorithms.msa.py: current gap is0.08215291367538224
2020-04-29 10:34:12,899 INFO @algorithms.msa.py: current gap is0.0804530839741413
2020-04-29 10:34:12,939 INFO @algorithms.msa.py: current gap is0.06353994127216156
2020-04-29 10:34:12,984 INFO @algorithms.msa.py: current gap is0.06662858625055001
2020-04-29 10:34:13,034 INFO @algorithms.msa.py: current gap is0.07420968594617405
2020-04-29 10:34:13,084 INFO @algorithms.msa.py: current gap is0.06053403426620818
2020-04-29 10:34:13,125 INFO @algorithms.msa.py: current gap is0.07400144833232347
2020-04-29 10:34:13,173 INFO @algorithms.msa.py: current gap is0.04204754893557339
2020-04-29 10:34:13,225 INFO @algorithms.msa.py: current gap is0.06837640914399712
2020-04-29 10:34:13,280 INFO @algorithms.msa.py: current gap is0.04109194175847253
2020-04-29 10:34:13,326 INFO @algorithms.msa.py: current gap is0.053827514357436046
2020-04-29 10:34:13,376 INFO @algorithms.msa.py: current gap is0.03512643926575221
2020-04-29 10:34:13,418 INFO @algorithms.msa.py: current gap is0.056746783395651645
2020-04-29 10:34:13,468 INFO @algorithms.msa.py: current gap is0.026122058843384588
2020-04-29 10:34:13,523 INFO @algorithms.msa.py: current gap is0.056409165045373966
2020-04-29 10:34:13,573 INFO @algorithms.msa.py: current gap is0.024758059947389333
2020-04-29 10:34:13,617 INFO @algorithms.msa.py: current gap is0.05490894797000623
2020-04-29 10:34:13,656 INFO @algorithms.msa.py: current gap is0.02525432882274381
2020-04-29 10:34:13,704 INFO @algorithms.msa.py: current gap is0.04987205611836387
2020-04-29 10:34:13,757 INFO @algorithms.msa.py: current gap is0.019152123307356606
2020-04-29 10:34:13,802 INFO @algorithms.msa.py: current gap is0.04386053591936512
2020-04-29 10:34:13,844 INFO @algorithms.msa.py: current gap is0.03133563774344883
2020-04-29 10:34:13,886 INFO @algorithms.msa.py: current gap is0.036443573610517976
2020-04-29 10:34:13,929 INFO @algorithms.msa.py: current gap is0.027213654354165007
2020-04-29 10:34:13,980 INFO @algorithms.msa.py: current gap is0.03542866641159548
2020-04-29 10:34:14,030 INFO @algorithms.msa.py: current gap is0.030345932187913816
2020-04-29 10:34:14,073 INFO @algorithms.msa.py: current gap is0.032995151016915525
2020-04-29 10:34:14,124 INFO @algorithms.msa.py: current gap is0.023939760810518296
2020-04-29 10:34:14,178 INFO @algorithms.msa.py: current gap is0.033701729567634064
2020-04-29 10:34:14,231 INFO @algorithms.msa.py: current gap is0.023042862869403713
2020-04-29 10:34:14,282 INFO @algorithms.msa.py: current gap is0.026609660158249282
2020-04-29 10:34:14,323 INFO @algorithms.msa.py: current gap is0.022161420016122646
2020-04-29 10:34:14,369 INFO @algorithms.msa.py: current gap is0.020892936948569085
2020-04-29 10:34:14,423 INFO @algorithms.msa.py: current gap is0.028971531411274176
2020-04-29 10:34:14,483 INFO @algorithms.msa.py: current gap is0.0212715762197091
2020-04-29 10:34:14,525 INFO @algorithms.msa.py: current gap is0.028960000840302147
2020-04-29 10:34:14,566 INFO @algorithms.msa.py: current gap is0.020010104761892133
2020-04-29 10:34:14,607 INFO @algorithms.msa.py: current gap is0.02280729493024647
2020-04-29 10:34:14,655 INFO @algorithms.msa.py: current gap is0.01789268243824793
2020-04-29 10:34:14,714 INFO @algorithms.msa.py: current gap is0.024207374680938587
2020-04-29 10:34:14,767 INFO @algorithms.msa.py: current gap is0.017246983754990897
2020-04-29 10:34:14,807 INFO @algorithms.msa.py: current gap is0.022771421212432807
2020-04-29 10:34:14,853 INFO @algorithms.msa.py: current gap is0.01813124176794667
2020-04-29 10:34:14,902 INFO @algorithms.msa.py: current gap is0.023759210582722012
2020-04-29 10:34:14,959 INFO @algorithms.msa.py: current gap is0.011412518185389908
2020-04-29 10:34:14,998 INFO @algorithms.msa.py: current gap is0.0260483378104297
2020-04-29 10:34:50,389 INFO @assignment.py: Assignment object initialized!
2020-04-29 10:34:50,725 INFO @algorithms.msa.py: starting msa
2020-04-29 10:35:01,959 INFO @algorithms.msa.py: first aon run
2020-04-29 10:35:10,310 INFO @algorithms.msa.py: current gap is1189.925956049232
2020-04-29 10:35:18,903 INFO @algorithms.msa.py: current gap is6408601.852044335
2020-04-29 10:35:26,582 INFO @algorithms.msa.py: current gap is863268.2716538428
2020-04-29 10:35:35,339 INFO @algorithms.msa.py: current gap is191018.75417507198
2020-04-29 10:35:44,124 INFO @algorithms.msa.py: current gap is45893.903498699125
2020-04-29 10:35:51,638 INFO @algorithms.msa.py: current gap is13193.657844041198
2020-04-29 10:35:58,580 INFO @algorithms.msa.py: current gap is4733.156437521306
2020-04-29 10:36:05,255 INFO @algorithms.msa.py: current gap is1975.1484104461351
2020-04-29 10:36:12,305 INFO @algorithms.msa.py: current gap is934.8261384503721
2020-04-29 10:36:19,280 INFO @algorithms.msa.py: current gap is506.9699428233357
2020-04-29 10:36:25,923 INFO @algorithms.msa.py: current gap is285.0806159595323
2020-04-29 10:36:32,585 INFO @algorithms.msa.py: current gap is178.44591026158938
2020-04-29 10:36:40,533 INFO @algorithms.msa.py: current gap is119.1549151528639
2020-04-29 10:36:46,749 INFO @algorithms.msa.py: current gap is80.82566373863385
2020-04-29 10:36:52,913 INFO @algorithms.msa.py: current gap is57.18677698759976
2020-04-29 10:36:59,004 INFO @algorithms.msa.py: current gap is42.01760306697657
2020-04-29 10:37:05,096 INFO @algorithms.msa.py: current gap is31.283394652975034
2020-04-29 10:37:11,233 INFO @algorithms.msa.py: current gap is23.73942729494019
2020-04-29 10:37:18,133 INFO @algorithms.msa.py: current gap is18.3603793545937
2020-04-29 10:37:24,352 INFO @algorithms.msa.py: current gap is14.38353949575019
2020-04-29 10:37:30,760 INFO @algorithms.msa.py: current gap is11.384810787243156
2020-04-29 10:37:36,688 INFO @algorithms.msa.py: current gap is9.230191565736575
2020-04-29 10:37:42,757 INFO @algorithms.msa.py: current gap is7.553388531775919
2020-04-29 10:37:48,760 INFO @algorithms.msa.py: current gap is6.17753868578522
2020-04-29 10:37:54,795 INFO @algorithms.msa.py: current gap is5.13114349677213
2020-04-29 10:38:01,744 INFO @algorithms.msa.py: current gap is4.274387993815948
2020-04-29 10:38:08,514 INFO @algorithms.msa.py: current gap is3.5781197350003717
2020-04-29 10:38:15,045 INFO @algorithms.msa.py: current gap is3.0365686158489282
2020-04-29 10:38:21,105 INFO @algorithms.msa.py: current gap is2.604391849516411
2020-04-29 10:38:27,059 INFO @algorithms.msa.py: current gap is2.24974350782398
2020-04-29 10:38:33,025 INFO @algorithms.msa.py: current gap is1.9379505924007505
2020-04-29 10:38:39,257 INFO @algorithms.msa.py: current gap is1.6906303932997973
2020-04-29 10:38:45,083 INFO @algorithms.msa.py: current gap is1.4692295436011769
2020-04-29 10:38:51,082 INFO @algorithms.msa.py: current gap is1.2907311089706393
2020-04-29 10:38:57,101 INFO @algorithms.msa.py: current gap is1.1480396704466105
2020-04-29 10:39:03,102 INFO @algorithms.msa.py: current gap is1.0201073320428975
2020-04-29 10:39:08,965 INFO @algorithms.msa.py: current gap is0.9137882754458051
2020-04-29 10:39:14,866 INFO @algorithms.msa.py: current gap is0.8217456768159561
2020-04-29 10:39:20,686 INFO @algorithms.msa.py: current gap is0.7378262102813609
2020-04-29 10:39:26,586 INFO @algorithms.msa.py: current gap is0.6614065551744237
2020-04-29 10:39:32,508 INFO @algorithms.msa.py: current gap is0.603052423528492
2020-04-29 10:39:38,739 INFO @algorithms.msa.py: current gap is0.5489726150758487
2020-04-29 10:39:45,116 INFO @algorithms.msa.py: current gap is0.4960714621401692
2020-04-29 10:39:51,051 INFO @algorithms.msa.py: current gap is0.4572982402479555
2020-04-29 10:39:57,001 INFO @algorithms.msa.py: current gap is0.4179772833800759
2020-04-29 10:40:03,052 INFO @algorithms.msa.py: current gap is0.38325681356456776
2020-04-29 10:40:08,978 INFO @algorithms.msa.py: current gap is0.35706846134773773
2020-04-29 10:40:14,935 INFO @algorithms.msa.py: current gap is0.32910363710848967
2020-04-29 10:40:20,810 INFO @algorithms.msa.py: current gap is0.3061793001963251
2020-04-29 10:40:26,696 INFO @algorithms.msa.py: current gap is0.2852310765975803
2020-04-29 10:40:32,611 INFO @algorithms.msa.py: current gap is0.27012940491678816
2020-04-29 10:40:38,571 INFO @algorithms.msa.py: current gap is0.252327535802624
2020-04-29 10:40:44,350 INFO @algorithms.msa.py: current gap is0.23757570068374023
2020-04-29 10:40:50,309 INFO @algorithms.msa.py: current gap is0.22009663952670944
2020-04-29 10:40:56,118 INFO @algorithms.msa.py: current gap is0.2134639389463353
2020-04-29 10:41:02,122 INFO @algorithms.msa.py: current gap is0.19944812837801318
2020-04-29 10:41:07,856 INFO @algorithms.msa.py: current gap is0.18875421921026536
2020-04-29 10:41:13,823 INFO @algorithms.msa.py: current gap is0.18016152750706094
2020-04-29 10:41:19,662 INFO @algorithms.msa.py: current gap is0.17476272061793363
2020-04-29 10:41:25,645 INFO @algorithms.msa.py: current gap is0.16427931953555874
2020-04-29 10:41:31,503 INFO @algorithms.msa.py: current gap is0.16249095534115643
2020-04-29 10:41:37,495 INFO @algorithms.msa.py: current gap is0.1544971332062468
2020-04-29 10:41:43,275 INFO @algorithms.msa.py: current gap is0.14871087068485767
2020-04-29 10:41:49,835 INFO @algorithms.msa.py: current gap is0.14026552743929455
2020-04-29 10:41:55,644 INFO @algorithms.msa.py: current gap is0.13655566171864897
2020-04-29 10:42:01,577 INFO @algorithms.msa.py: current gap is0.13221541148977733
2020-04-29 10:42:07,822 INFO @algorithms.msa.py: current gap is0.12776156386592996
2020-04-29 10:42:14,204 INFO @algorithms.msa.py: current gap is0.1243209924899209
2020-04-29 10:42:20,534 INFO @algorithms.msa.py: current gap is0.11845986924689922
2020-04-29 10:42:26,395 INFO @algorithms.msa.py: current gap is0.11612067097878498
2020-04-29 10:42:32,283 INFO @algorithms.msa.py: current gap is0.11250966624904879
2020-04-29 10:42:38,718 INFO @algorithms.msa.py: current gap is0.10702566097692001
2020-04-29 10:42:44,668 INFO @algorithms.msa.py: current gap is0.10248799843868617
2020-04-29 10:42:50,424 INFO @algorithms.msa.py: current gap is0.09981949327220585
2020-04-29 10:42:56,740 INFO @algorithms.msa.py: current gap is0.094675019379024
2020-04-29 10:43:03,622 INFO @algorithms.msa.py: current gap is0.09759451719923873
2020-04-29 10:43:10,292 INFO @algorithms.msa.py: current gap is0.09474569049545978
2020-04-29 10:43:20,877 INFO @assignment.py: Assignment object initialized!
2020-04-29 10:43:21,218 INFO @algorithms.msa.py: starting msa
2020-04-29 10:43:31,415 INFO @algorithms.msa.py: first aon run
2020-04-29 10:43:35,970 INFO @algorithms.msa.py: current gap is1189.925956049232
2020-04-29 10:43:40,312 INFO @algorithms.msa.py: current gap is6408601.852044335
2020-04-29 10:43:44,658 INFO @algorithms.msa.py: current gap is863268.2716538428
2020-04-29 10:43:48,898 INFO @algorithms.msa.py: current gap is191018.75417507198
2020-04-29 10:43:53,154 INFO @algorithms.msa.py: current gap is45893.903498699125
2020-04-29 10:43:57,385 INFO @algorithms.msa.py: current gap is13193.657844041198
2020-04-29 10:44:01,738 INFO @algorithms.msa.py: current gap is4733.156437521306
2020-04-29 10:44:05,942 INFO @algorithms.msa.py: current gap is1975.1484104461351
2020-04-29 10:44:10,121 INFO @algorithms.msa.py: current gap is934.8261384503721
2020-04-29 10:44:14,274 INFO @algorithms.msa.py: current gap is506.9699428233357
2020-04-29 10:44:18,496 INFO @algorithms.msa.py: current gap is285.0806159595323
2020-04-29 10:44:22,632 INFO @algorithms.msa.py: current gap is178.44591026158938
2020-04-29 10:44:26,730 INFO @algorithms.msa.py: current gap is119.1549151528639
2020-04-29 10:44:30,809 INFO @algorithms.msa.py: current gap is80.82566373863385
2020-04-29 10:44:34,889 INFO @algorithms.msa.py: current gap is57.18677698759976
2020-04-29 10:44:39,015 INFO @algorithms.msa.py: current gap is42.01760306697657
2020-04-29 10:44:43,111 INFO @algorithms.msa.py: current gap is31.283394652975034
2020-04-29 10:44:47,228 INFO @algorithms.msa.py: current gap is23.73942729494019
2020-04-29 10:44:51,628 INFO @algorithms.msa.py: current gap is18.3603793545937
2020-04-29 10:44:56,271 INFO @algorithms.msa.py: current gap is14.38353949575019
2020-04-29 10:45:29,430 INFO @assignment.py: Assignment object initialized!
2020-04-29 10:47:15,455 INFO @assignment.py: Assignment object initialized!
2020-04-29 10:47:52,199 INFO @assignment.py: Assignment object initialized!
2020-04-29 10:48:33,012 INFO @assignment.py: Assignment object initialized!
2020-04-29 10:50:06,573 INFO @assignment.py: Assignment object initialized!
2020-04-29 10:53:51,613 INFO @assignment.py: Assignment object initialized!
2020-04-29 10:54:34,932 INFO @assignment.py: Assignment object initialized!
2020-04-29 10:54:35,145 INFO @algorithms.msa.py: starting msa
2020-04-29 10:54:41,808 INFO @algorithms.msa.py: first aon run
2020-04-29 10:54:42,455 INFO @algorithms.msa.py: current gap is56.63272793293687
2020-04-29 10:54:42,901 INFO @algorithms.msa.py: current gap is5570.402074531796
2020-04-29 10:54:43,340 INFO @algorithms.msa.py: current gap is968.9768484603915
2020-04-29 10:54:43,788 INFO @algorithms.msa.py: current gap is211.03457699468692
2020-04-29 10:54:44,236 INFO @algorithms.msa.py: current gap is72.98614776341908
2020-04-29 10:54:44,702 INFO @algorithms.msa.py: current gap is26.139645932608158
2020-04-29 10:54:45,172 INFO @algorithms.msa.py: current gap is12.394981849837087
2020-04-29 10:54:45,635 INFO @algorithms.msa.py: current gap is6.541889337448127
2020-04-29 10:54:46,094 INFO @algorithms.msa.py: current gap is3.819833770996345
2020-04-29 10:54:46,552 INFO @algorithms.msa.py: current gap is2.3556124621080663
2020-04-29 10:54:46,990 INFO @algorithms.msa.py: current gap is1.405301198781479
2020-04-29 10:54:47,413 INFO @algorithms.msa.py: current gap is1.1426503141543964
2020-04-29 10:54:47,866 INFO @algorithms.msa.py: current gap is0.660766796542047
2020-04-29 10:54:48,288 INFO @algorithms.msa.py: current gap is0.7198979699884513
2020-04-29 10:54:48,700 INFO @algorithms.msa.py: current gap is0.4033181221414779
2020-04-29 10:54:49,131 INFO @algorithms.msa.py: current gap is0.4790020969732294
2020-04-29 10:54:49,550 INFO @algorithms.msa.py: current gap is0.2912448045948537
2020-04-29 10:54:49,963 INFO @algorithms.msa.py: current gap is0.3557105885951095
2020-04-29 10:54:50,375 INFO @algorithms.msa.py: current gap is0.2262706781327617
2020-04-29 10:54:50,790 INFO @algorithms.msa.py: current gap is0.23643887985319423
2020-04-29 10:54:51,224 INFO @algorithms.msa.py: current gap is0.1931927435901919
2020-04-29 10:54:51,711 INFO @algorithms.msa.py: current gap is0.21045468426432778
2020-04-29 10:54:52,199 INFO @algorithms.msa.py: current gap is0.1608159782854297
2020-04-29 10:54:52,760 INFO @algorithms.msa.py: current gap is0.14708885596040622
2020-04-29 10:54:53,409 INFO @algorithms.msa.py: current gap is0.1774047357271511
2020-04-29 10:54:53,870 INFO @algorithms.msa.py: current gap is0.10114162551168437
2020-04-29 10:54:54,318 INFO @algorithms.msa.py: current gap is0.17623730469605037
2020-04-29 10:54:54,845 INFO @algorithms.msa.py: current gap is0.09095286549792125
2020-04-29 10:54:55,412 INFO @algorithms.msa.py: current gap is0.15587220376054334
2020-04-29 10:54:56,050 INFO @algorithms.msa.py: current gap is0.08930232407672856
2020-04-29 10:54:56,637 INFO @algorithms.msa.py: current gap is0.15765892070856036
2020-04-29 10:54:57,291 INFO @algorithms.msa.py: current gap is0.08357449862839417
2020-04-29 10:54:57,768 INFO @algorithms.msa.py: current gap is0.10538915288355977
2020-04-29 10:54:58,240 INFO @algorithms.msa.py: current gap is0.08479183216844777
2020-04-29 10:54:58,707 INFO @algorithms.msa.py: current gap is0.10585783513769775
2020-04-29 10:54:59,166 INFO @algorithms.msa.py: current gap is0.08946518822444482
2020-04-29 10:54:59,632 INFO @algorithms.msa.py: current gap is0.0851011244175186
2020-04-29 10:55:00,112 INFO @algorithms.msa.py: current gap is0.09550032699319022
2020-04-29 10:55:00,672 INFO @algorithms.msa.py: current gap is0.055358229878832876
2020-04-29 10:55:01,165 INFO @algorithms.msa.py: current gap is0.10464131098953655
2020-04-29 10:55:01,638 INFO @algorithms.msa.py: current gap is0.05808055179312932
2020-04-29 10:55:02,211 INFO @algorithms.msa.py: current gap is0.1026448084540561
2020-04-29 10:55:02,715 INFO @algorithms.msa.py: current gap is0.042668259549719645
2020-04-29 10:55:03,181 INFO @algorithms.msa.py: current gap is0.04603307679071644
2020-04-29 10:55:03,661 INFO @algorithms.msa.py: current gap is0.07961766966310302
2020-04-29 10:55:04,139 INFO @algorithms.msa.py: current gap is0.0620131062064726
2020-04-29 10:55:04,599 INFO @algorithms.msa.py: current gap is0.06269977019827677
2020-04-29 10:55:05,159 INFO @algorithms.msa.py: current gap is0.06251540108778286
2020-04-29 10:55:05,646 INFO @algorithms.msa.py: current gap is0.06835105660533469
2020-04-29 10:55:06,163 INFO @algorithms.msa.py: current gap is0.06902457463499934
2020-04-29 10:55:06,630 INFO @algorithms.msa.py: current gap is0.04644334895490698
2020-04-29 10:55:07,127 INFO @algorithms.msa.py: current gap is0.07481112756680153
2020-04-29 10:55:07,586 INFO @algorithms.msa.py: current gap is0.02954162131064697
2020-04-29 10:55:08,043 INFO @algorithms.msa.py: current gap is0.07016844314339798
2020-04-29 10:55:08,507 INFO @algorithms.msa.py: current gap is0.04162529664480097
2020-04-29 10:55:09,014 INFO @algorithms.msa.py: current gap is0.08126650754687637
2020-04-29 10:55:09,517 INFO @algorithms.msa.py: current gap is0.04053154145837756
2020-04-29 10:55:09,987 INFO @algorithms.msa.py: current gap is0.062437388441916486
2020-04-29 10:55:10,455 INFO @algorithms.msa.py: current gap is0.040694554275826134
2020-04-29 10:55:10,910 INFO @algorithms.msa.py: current gap is0.046641934217633185
2020-04-29 10:55:11,376 INFO @algorithms.msa.py: current gap is0.0459924853603455
2020-04-29 10:55:11,835 INFO @algorithms.msa.py: current gap is0.052608950920495445
2020-04-29 10:55:12,350 INFO @algorithms.msa.py: current gap is0.05510683178550324
2020-04-29 10:55:12,862 INFO @algorithms.msa.py: current gap is0.035695878568294814
2020-04-29 10:55:13,355 INFO @algorithms.msa.py: current gap is0.05329042020586616
2020-04-29 10:55:13,843 INFO @algorithms.msa.py: current gap is0.023535048937353142
2020-04-29 10:55:14,331 INFO @algorithms.msa.py: current gap is0.037814076217687065
2020-04-29 10:55:14,829 INFO @algorithms.msa.py: current gap is0.04226725932293807
2020-04-29 10:55:15,308 INFO @algorithms.msa.py: current gap is0.04683390439738577
2020-04-29 10:55:15,775 INFO @algorithms.msa.py: current gap is0.035599380661714974
2020-04-29 10:55:16,291 INFO @algorithms.msa.py: current gap is0.05280141897229007
2020-04-29 10:55:16,868 INFO @algorithms.msa.py: current gap is0.02358064971877938
2020-04-29 10:55:17,456 INFO @algorithms.msa.py: current gap is0.03914496148936175
2020-04-29 10:55:18,040 INFO @algorithms.msa.py: current gap is0.033040517627516364
2020-04-29 10:55:18,522 INFO @algorithms.msa.py: current gap is0.04570338303382737
2020-04-29 10:55:18,986 INFO @algorithms.msa.py: current gap is0.034590383888237985
2020-04-29 10:55:19,474 INFO @algorithms.msa.py: current gap is0.04823921715533963
2020-04-29 10:55:19,940 INFO @algorithms.msa.py: current gap is0.021189790518627794
2020-04-29 10:55:20,411 INFO @algorithms.msa.py: current gap is0.04718103861289813
2020-04-29 10:55:20,867 INFO @algorithms.msa.py: current gap is0.023520371659293327
2020-04-29 10:55:21,338 INFO @algorithms.msa.py: current gap is0.045212535887184435
2020-04-29 10:55:21,803 INFO @algorithms.msa.py: current gap is0.025755401271645217
2020-04-29 10:55:22,277 INFO @algorithms.msa.py: current gap is0.04655561182504031
2020-04-29 10:55:22,750 INFO @algorithms.msa.py: current gap is0.027986738768585928
2020-04-29 10:55:23,222 INFO @algorithms.msa.py: current gap is0.036355480147428176
2020-04-29 10:55:23,690 INFO @algorithms.msa.py: current gap is0.03819366995412987
2020-04-29 10:55:24,170 INFO @algorithms.msa.py: current gap is0.026358137127421077
2020-04-29 10:55:24,632 INFO @algorithms.msa.py: current gap is0.03471196156133738
2020-04-29 10:55:25,104 INFO @algorithms.msa.py: current gap is0.027576362092714524
2020-04-29 10:55:25,577 INFO @algorithms.msa.py: current gap is0.03635494565572461
2020-04-29 10:55:26,055 INFO @algorithms.msa.py: current gap is0.023599081663242982
2020-04-29 10:55:26,557 INFO @algorithms.msa.py: current gap is0.03721579289638033
2020-04-29 10:55:27,029 INFO @algorithms.msa.py: current gap is0.02141457760160459
2020-04-29 10:55:27,501 INFO @algorithms.msa.py: current gap is0.03463045995558889
2020-04-29 10:55:27,984 INFO @algorithms.msa.py: current gap is0.020112686871418095
2020-04-29 10:55:28,449 INFO @algorithms.msa.py: current gap is0.0405853904937139
2020-04-29 10:55:28,917 INFO @algorithms.msa.py: current gap is0.018452045413215767
2020-04-29 10:55:29,393 INFO @algorithms.msa.py: current gap is0.028918567062866662
2020-04-29 10:55:29,865 INFO @algorithms.msa.py: current gap is0.02031122158577392
2020-04-29 10:55:30,397 INFO @algorithms.msa.py: current gap is0.03522137869602893
2020-04-29 10:55:30,986 INFO @algorithms.msa.py: current gap is0.016945547539967132
2020-04-29 10:55:31,498 INFO @algorithms.msa.py: current gap is0.019913687820797943
2020-04-29 10:55:31,972 INFO @algorithms.msa.py: current gap is0.03591874882587365
2020-04-29 10:55:32,428 INFO @algorithms.msa.py: current gap is0.020319074759143962
2020-04-29 10:55:32,888 INFO @algorithms.msa.py: current gap is0.02704322393005465
2020-04-29 10:55:33,355 INFO @algorithms.msa.py: current gap is0.02347417962458187
2020-04-29 10:55:33,813 INFO @algorithms.msa.py: current gap is0.02727364338357874
2020-04-29 10:55:34,278 INFO @algorithms.msa.py: current gap is0.029869991983975108
2020-04-29 10:55:34,738 INFO @algorithms.msa.py: current gap is0.02314524908176252
2020-04-29 10:55:35,204 INFO @algorithms.msa.py: current gap is0.030902350366830866
2020-04-29 10:55:35,663 INFO @algorithms.msa.py: current gap is0.014989740708218457
2020-04-29 10:55:36,135 INFO @algorithms.msa.py: current gap is0.03078718678824721
2020-04-29 10:55:36,593 INFO @algorithms.msa.py: current gap is0.016997527220454334
2020-04-29 10:55:37,072 INFO @algorithms.msa.py: current gap is0.015119978208306906
2020-04-29 10:55:37,535 INFO @algorithms.msa.py: current gap is0.028509410401445168
2020-04-29 10:55:38,000 INFO @algorithms.msa.py: current gap is0.014659440541609614
2020-04-29 10:55:38,463 INFO @algorithms.msa.py: current gap is0.030645029801941837
2020-04-29 10:55:38,929 INFO @algorithms.msa.py: current gap is0.016041265845078145
2020-04-29 10:55:39,397 INFO @algorithms.msa.py: current gap is0.024373081793195972
2020-04-29 10:55:39,863 INFO @algorithms.msa.py: current gap is0.016283354243521453
2020-04-29 10:55:40,344 INFO @algorithms.msa.py: current gap is0.0312363088624783
2020-04-29 10:55:40,809 INFO @algorithms.msa.py: current gap is0.01287880867426483
2020-04-29 10:55:41,278 INFO @algorithms.msa.py: current gap is0.022226841544320752
2020-04-29 10:55:41,737 INFO @algorithms.msa.py: current gap is0.02319859076377151
2020-04-29 10:55:42,202 INFO @algorithms.msa.py: current gap is0.02511057743795586
2020-04-29 10:55:42,661 INFO @algorithms.msa.py: current gap is0.014705501271470967
2020-04-29 10:55:43,134 INFO @algorithms.msa.py: current gap is0.025425108854047362
2020-04-29 10:55:43,593 INFO @algorithms.msa.py: current gap is0.013597067283209974
2020-04-29 10:55:44,056 INFO @algorithms.msa.py: current gap is0.02176119481300942
2020-04-29 10:55:44,513 INFO @algorithms.msa.py: current gap is0.017401876070107125
2020-04-29 10:55:44,979 INFO @algorithms.msa.py: current gap is0.028024163563104443
2020-04-29 10:55:45,445 INFO @algorithms.msa.py: current gap is0.01055856819279688
2020-04-29 10:55:45,903 INFO @algorithms.msa.py: current gap is0.018505500388084295
2020-04-29 10:55:46,376 INFO @algorithms.msa.py: current gap is0.019098758020408058
2020-04-29 10:55:46,847 INFO @algorithms.msa.py: current gap is0.0258848988398106
2020-04-29 10:55:47,338 INFO @algorithms.msa.py: current gap is0.017606172058288072
2020-04-29 10:55:47,800 INFO @algorithms.msa.py: current gap is0.02610524936465941
2020-04-29 10:55:48,303 INFO @algorithms.msa.py: current gap is0.010944164962571445
2020-04-29 10:55:48,816 INFO @algorithms.msa.py: current gap is0.023991038246187202
2020-04-29 10:55:49,349 INFO @algorithms.msa.py: current gap is0.01122062423144543
2020-04-29 10:55:50,025 INFO @algorithms.msa.py: current gap is0.011931487321529932
2020-04-29 10:55:50,599 INFO @algorithms.msa.py: current gap is0.016566644703737143
2020-04-29 10:55:51,065 INFO @algorithms.msa.py: current gap is0.01423737228616928
2020-04-29 10:55:51,522 INFO @algorithms.msa.py: current gap is0.024991459576093167
2020-04-29 10:55:51,987 INFO @algorithms.msa.py: current gap is0.017519866249293248
2020-04-29 10:55:52,447 INFO @algorithms.msa.py: current gap is0.025145552082441958
2020-04-29 10:55:52,910 INFO @algorithms.msa.py: current gap is0.011141541868403992
2020-04-29 10:55:53,385 INFO @algorithms.msa.py: current gap is0.023109589369343153
2020-04-29 10:55:53,853 INFO @algorithms.msa.py: current gap is0.013229651396277076
2020-04-29 10:55:54,314 INFO @algorithms.msa.py: current gap is0.02180359234613527
2020-04-29 10:55:54,784 INFO @algorithms.msa.py: current gap is0.015006401368441669
2020-04-29 10:55:55,247 INFO @algorithms.msa.py: current gap is0.02438518541784629
2020-04-29 10:55:55,706 INFO @algorithms.msa.py: current gap is0.01375965783611277
2020-04-29 10:55:56,175 INFO @algorithms.msa.py: current gap is0.018805092582163674
2020-04-29 10:55:56,671 INFO @algorithms.msa.py: current gap is0.01869078461611151
2020-04-29 10:55:57,148 INFO @algorithms.msa.py: current gap is0.013244781141774853
2020-04-29 10:55:57,616 INFO @algorithms.msa.py: current gap is0.019584548957176873
2020-04-29 10:55:58,077 INFO @algorithms.msa.py: current gap is0.015106916237280998
2020-04-29 10:55:58,535 INFO @algorithms.msa.py: current gap is0.021949837547909246
2020-04-29 10:55:58,996 INFO @algorithms.msa.py: current gap is0.01152143282467688
2020-04-29 10:55:59,461 INFO @algorithms.msa.py: current gap is0.015981465390498162
2020-04-29 10:55:59,933 INFO @algorithms.msa.py: current gap is0.01352858211842789
2020-04-29 10:56:00,600 INFO @algorithms.msa.py: current gap is0.019249842881050805
2020-04-29 10:56:01,110 INFO @algorithms.msa.py: current gap is0.012544345781863031
2020-04-29 10:56:01,573 INFO @algorithms.msa.py: current gap is0.021210076376803944
2020-04-29 10:56:02,059 INFO @algorithms.msa.py: current gap is0.01151572661007294
2020-04-29 10:56:02,525 INFO @algorithms.msa.py: current gap is0.021644557609286963
2020-04-29 10:56:02,991 INFO @algorithms.msa.py: current gap is0.01062514022380845
2020-04-29 10:56:03,464 INFO @algorithms.msa.py: current gap is0.02070271649916111
2020-04-29 10:56:04,091 INFO @algorithms.msa.py: current gap is0.010332154179921949
2020-04-29 10:56:04,673 INFO @algorithms.msa.py: current gap is0.020012576919093306
2020-04-29 10:56:05,306 INFO @algorithms.msa.py: current gap is0.01555362940876992
2020-04-29 10:56:05,843 INFO @algorithms.msa.py: current gap is0.018690898900076025
2020-04-29 10:56:06,320 INFO @algorithms.msa.py: current gap is0.01560218065490937
2020-04-29 10:56:06,785 INFO @algorithms.msa.py: current gap is0.012958296715182671
2020-04-29 10:56:07,247 INFO @algorithms.msa.py: current gap is0.015083103204509563
2020-04-29 10:56:07,709 INFO @algorithms.msa.py: current gap is0.012039308909641111
2020-04-29 10:56:08,169 INFO @algorithms.msa.py: current gap is0.018483619335651014
2020-04-29 10:56:08,623 INFO @algorithms.msa.py: current gap is0.011664234281425934
2020-04-29 10:56:09,094 INFO @algorithms.msa.py: current gap is0.014636041251429921
2020-04-29 10:56:09,566 INFO @algorithms.msa.py: current gap is0.012959683618595674
2020-04-29 10:56:10,030 INFO @algorithms.msa.py: current gap is0.01739327563375448
2020-04-29 10:56:10,510 INFO @algorithms.msa.py: current gap is0.010012562660927316
2020-04-29 10:56:10,997 INFO @algorithms.msa.py: current gap is0.018815127403610132
2020-04-29 10:56:11,513 INFO @algorithms.msa.py: current gap is0.011947371542950336
2020-04-29 10:56:12,047 INFO @algorithms.msa.py: current gap is0.017817175484612813
2020-04-29 10:57:00,828 INFO @assignment.py: Assignment object initialized!
2020-04-29 10:57:01,028 INFO @algorithms.msa.py: starting msa
2020-04-29 10:57:07,386 INFO @algorithms.msa.py: first aon run
2020-04-29 10:57:07,702 INFO @algorithms.msa.py: current gap is13.035564796581724
2020-04-29 10:57:07,861 INFO @algorithms.msa.py: current gap is12.8302733197136
2020-04-29 10:57:08,029 INFO @algorithms.msa.py: current gap is2.063382986330075
2020-04-29 10:57:08,188 INFO @algorithms.msa.py: current gap is0.7767781872707693
2020-04-29 10:57:08,350 INFO @algorithms.msa.py: current gap is0.2662583537587695
2020-04-29 10:57:08,517 INFO @algorithms.msa.py: current gap is0.26558432370694374
2020-04-29 10:57:08,685 INFO @algorithms.msa.py: current gap is0.12507457517230525
2020-04-29 10:57:08,842 INFO @algorithms.msa.py: current gap is0.19823057426795665
2020-04-29 10:57:09,013 INFO @algorithms.msa.py: current gap is0.09544009752961258
2020-04-29 10:57:09,170 INFO @algorithms.msa.py: current gap is0.13334254138379587
2020-04-29 10:57:09,349 INFO @algorithms.msa.py: current gap is0.05713282998431346
2020-04-29 10:57:09,520 INFO @algorithms.msa.py: current gap is0.09358230559880654
2020-04-29 10:57:09,704 INFO @algorithms.msa.py: current gap is0.047129482319860694
2020-04-29 10:57:09,867 INFO @algorithms.msa.py: current gap is0.08414034942891746
2020-04-29 10:57:10,036 INFO @algorithms.msa.py: current gap is0.045846785088284214
2020-04-29 10:57:10,194 INFO @algorithms.msa.py: current gap is0.06619141800454353
2020-04-29 10:57:10,403 INFO @algorithms.msa.py: current gap is0.040236651702292514
2020-04-29 10:57:10,601 INFO @algorithms.msa.py: current gap is0.05558275102363619
2020-04-29 10:57:10,805 INFO @algorithms.msa.py: current gap is0.03102918059598969
2020-04-29 10:57:10,977 INFO @algorithms.msa.py: current gap is0.03330243690810564
2020-04-29 10:57:11,176 INFO @algorithms.msa.py: current gap is0.047170196780287554
2020-04-29 10:57:11,346 INFO @algorithms.msa.py: current gap is0.03138513651130315
2020-04-29 10:57:11,502 INFO @algorithms.msa.py: current gap is0.04196070175146116
2020-04-29 10:57:11,677 INFO @algorithms.msa.py: current gap is0.027391755133198137
2020-04-29 10:57:11,835 INFO @algorithms.msa.py: current gap is0.036318954660242264
2020-04-29 10:57:11,996 INFO @algorithms.msa.py: current gap is0.03305279142874906
2020-04-29 10:57:12,160 INFO @algorithms.msa.py: current gap is0.031063360669379536
2020-04-29 10:57:12,326 INFO @algorithms.msa.py: current gap is0.028172554186185028
2020-04-29 10:57:12,476 INFO @algorithms.msa.py: current gap is0.02909146482589975
2020-04-29 10:57:12,647 INFO @algorithms.msa.py: current gap is0.024743982614510607
2020-04-29 10:57:12,817 INFO @algorithms.msa.py: current gap is0.02696017014301466
2020-04-29 10:57:12,986 INFO @algorithms.msa.py: current gap is0.025734148869676288
2020-04-29 10:57:13,146 INFO @algorithms.msa.py: current gap is0.02292069822630305
2020-04-29 10:57:13,321 INFO @algorithms.msa.py: current gap is0.025241109270654594
2020-04-29 10:57:13,483 INFO @algorithms.msa.py: current gap is0.02259952781315233
2020-04-29 10:57:13,654 INFO @algorithms.msa.py: current gap is0.024849299279215087
2020-04-29 10:57:13,809 INFO @algorithms.msa.py: current gap is0.018596747925297974
2020-04-29 10:57:13,984 INFO @algorithms.msa.py: current gap is0.022910014332226725
2020-04-29 10:57:14,147 INFO @algorithms.msa.py: current gap is0.01650760738071888
2020-04-29 10:57:14,313 INFO @algorithms.msa.py: current gap is0.022760771601043395
2020-04-29 10:57:14,474 INFO @algorithms.msa.py: current gap is0.017762087379675107
2020-04-29 10:57:14,648 INFO @algorithms.msa.py: current gap is0.023261824043866897
2020-04-29 10:57:14,804 INFO @algorithms.msa.py: current gap is0.014702593186771917
2020-04-29 10:57:14,982 INFO @algorithms.msa.py: current gap is0.02301064743890513
2020-04-29 10:57:15,150 INFO @algorithms.msa.py: current gap is0.010888714937808297
2020-04-29 10:57:15,332 INFO @algorithms.msa.py: current gap is0.021349716780491912
2020-04-29 10:57:15,519 INFO @algorithms.msa.py: current gap is0.012779590741194058
2020-04-29 10:57:15,716 INFO @algorithms.msa.py: current gap is0.020266625019299322
2020-04-29 10:57:15,915 INFO @algorithms.msa.py: current gap is0.011505790671836102
2020-04-29 10:57:16,118 INFO @algorithms.msa.py: current gap is0.012402903753346184
2020-04-29 10:57:16,321 INFO @algorithms.msa.py: current gap is0.018692169938802516
2020-04-29 10:57:16,516 INFO @algorithms.msa.py: current gap is0.010452324847864292
2020-04-29 10:57:16,713 INFO @algorithms.msa.py: current gap is0.017275421331959473
2020-04-29 10:57:16,913 INFO @algorithms.msa.py: current gap is0.011282494857338676
2020-04-29 10:57:17,116 INFO @algorithms.msa.py: current gap is0.018396499721475612
2020-04-29 14:07:53,066 INFO @assignment.py: Assignment object initialized!
2020-04-29 14:08:23,244 INFO @assignment.py: Assignment object initialized!
2020-04-29 14:09:12,775 INFO @assignment.py: Assignment object initialized!
2020-04-29 14:09:36,784 INFO @assignment.py: Assignment object initialized!
2020-04-29 17:58:09,397 INFO @assignment.py: Assignment object initialized!
2020-04-29 18:02:59,441 INFO @assignment.py: Assignment object initialized!
2020-04-29 18:02:59,637 INFO @algorithms.msa.py: starting msa
2020-04-29 18:03:05,880 INFO @algorithms.msa.py: first aon run
2020-04-29 18:03:06,191 INFO @algorithms.msa.py: current gap is13.035564796581724
2020-04-29 18:03:06,348 INFO @algorithms.msa.py: current gap is12.8302733197136
2020-04-29 18:03:06,518 INFO @algorithms.msa.py: current gap is2.063382986330075
2020-04-29 18:03:06,680 INFO @algorithms.msa.py: current gap is0.7767781872707693
2020-04-29 18:03:06,851 INFO @algorithms.msa.py: current gap is0.2662583537587695
2020-04-29 18:03:07,010 INFO @algorithms.msa.py: current gap is0.26558432370694374
2020-04-29 18:03:07,180 INFO @algorithms.msa.py: current gap is0.12507457517230525
2020-04-29 18:03:07,341 INFO @algorithms.msa.py: current gap is0.19823057426795665
2020-04-29 18:03:07,504 INFO @algorithms.msa.py: current gap is0.09544009752961258
2020-04-29 18:03:07,659 INFO @algorithms.msa.py: current gap is0.13334254138379587
2020-04-29 18:03:07,822 INFO @algorithms.msa.py: current gap is0.05713282998431346
2020-04-29 18:03:07,986 INFO @algorithms.msa.py: current gap is0.09358230559880654
2020-04-29 18:03:08,155 INFO @algorithms.msa.py: current gap is0.047129482319860694
2020-04-29 18:03:08,318 INFO @algorithms.msa.py: current gap is0.08414034942891746
2020-04-29 18:03:08,484 INFO @algorithms.msa.py: current gap is0.045846785088284214
2020-04-29 18:03:08,640 INFO @algorithms.msa.py: current gap is0.06619141800454353
2020-04-29 18:03:08,809 INFO @algorithms.msa.py: current gap is0.040236651702292514
2020-04-29 18:03:08,981 INFO @algorithms.msa.py: current gap is0.05558275102363619
2020-04-29 18:03:09,152 INFO @algorithms.msa.py: current gap is0.03102918059598969
2020-04-29 18:03:09,319 INFO @algorithms.msa.py: current gap is0.03330243690810564
2020-04-29 18:03:09,487 INFO @algorithms.msa.py: current gap is0.047170196780287554
2020-04-29 18:03:09,651 INFO @algorithms.msa.py: current gap is0.03138513651130315
2020-04-29 18:03:09,828 INFO @algorithms.msa.py: current gap is0.04196070175146116
2020-04-29 18:03:09,980 INFO @algorithms.msa.py: current gap is0.027391755133198137
2020-04-29 18:03:10,144 INFO @algorithms.msa.py: current gap is0.036318954660242264
2020-04-29 18:03:10,297 INFO @algorithms.msa.py: current gap is0.03305279142874906
2020-04-29 18:03:10,456 INFO @algorithms.msa.py: current gap is0.031063360669379536
2020-04-29 18:03:10,610 INFO @algorithms.msa.py: current gap is0.028172554186185028
2020-04-29 18:03:10,775 INFO @algorithms.msa.py: current gap is0.02909146482589975
2020-04-29 18:03:10,928 INFO @algorithms.msa.py: current gap is0.024743982614510607
2020-04-29 18:03:11,104 INFO @algorithms.msa.py: current gap is0.02696017014301466
2020-04-29 18:03:11,257 INFO @algorithms.msa.py: current gap is0.025734148869676288
2020-04-29 18:03:11,424 INFO @algorithms.msa.py: current gap is0.02292069822630305
2020-04-29 18:03:11,609 INFO @algorithms.msa.py: current gap is0.025241109270654594
2020-04-29 18:03:11,794 INFO @algorithms.msa.py: current gap is0.02259952781315233
2020-04-29 18:03:11,951 INFO @algorithms.msa.py: current gap is0.024849299279215087
2020-04-29 18:03:12,111 INFO @algorithms.msa.py: current gap is0.018596747925297974
2020-04-29 18:03:12,264 INFO @algorithms.msa.py: current gap is0.022910014332226725
2020-04-29 18:03:12,430 INFO @algorithms.msa.py: current gap is0.01650760738071888
2020-04-29 18:03:12,590 INFO @algorithms.msa.py: current gap is0.022760771601043395
2020-04-29 18:03:12,764 INFO @algorithms.msa.py: current gap is0.017762087379675107
2020-04-29 18:03:12,977 INFO @algorithms.msa.py: current gap is0.023261824043866897
2020-04-29 18:03:13,142 INFO @algorithms.msa.py: current gap is0.014702593186771917
2020-04-29 18:03:13,307 INFO @algorithms.msa.py: current gap is0.02301064743890513
2020-04-29 18:03:13,479 INFO @algorithms.msa.py: current gap is0.010888714937808297
2020-04-29 18:03:13,643 INFO @algorithms.msa.py: current gap is0.021349716780491912
2020-04-29 18:03:13,812 INFO @algorithms.msa.py: current gap is0.012779590741194058
2020-04-29 18:03:13,978 INFO @algorithms.msa.py: current gap is0.020266625019299322
2020-04-29 18:03:14,137 INFO @algorithms.msa.py: current gap is0.011505790671836102
2020-04-29 18:03:14,315 INFO @algorithms.msa.py: current gap is0.012402903753346184
2020-04-29 18:03:14,468 INFO @algorithms.msa.py: current gap is0.018692169938802516
2020-04-29 18:03:14,642 INFO @algorithms.msa.py: current gap is0.010452324847864292
2020-04-29 18:03:14,787 INFO @algorithms.msa.py: current gap is0.017275421331959473
2020-04-29 18:03:14,953 INFO @algorithms.msa.py: current gap is0.011282494857338676
2020-04-29 18:03:15,107 INFO @algorithms.msa.py: current gap is0.018396499721475612
2020-04-29 18:04:05,480 INFO @assignment.py: Assignment object initialized!
2020-04-29 18:04:29,007 INFO @assignment.py: Assignment object initialized!
